<?xml version="1.0" encoding="UTF-8"?>
<!-- Generated by org.testng.reporters.JUnitXMLReporter -->
<testsuite ignored="0" hostname="IN2417401W1" failures="1" tests="1" name="Test" time="34.549" errors="0" timestamp="02 Aug 2021 11:22:50 GMT">
  <testcase classname="Isha.EggTimerTest.testCase.EggTimerTest" name="verifyTimerCountdown" time="26.328">
    <failure type="java.lang.AssertionError" message="Countdown Validation failed.Time Elapsed does not equal input time by user expected [25] but found [26]">
      <![CDATA[java.lang.AssertionError: Countdown Validation failed.Time Elapsed does not equal input time by user expected [25] but found [26]
at Isha.EggTimerTest.testCase.EggTimerTest.verifyTimerCountdown(EggTimerTest.java:86)
... Removed 29 stack frames]]>
    </failure>
  </testcase> <!-- verifyTimerCountdown -->
</testsuite> <!-- Test -->
