<?xml version="1.0" encoding="UTF-8"?>
<testng-results ignored="0" total="1" passed="0" failed="1" skipped="0">
  <reporter-output>
    <line>
      <![CDATA[Alert Presence checked]]>
    </line>
    <line>
      <![CDATA[Alert Presence checked]]>
    </line>
  </reporter-output>
  <suite started-at="2021-08-02T11:22:16Z" name="Suite" finished-at="2021-08-02T11:22:50Z" duration-ms="34549">
    <groups>
    </groups>
    <test started-at="2021-08-02T11:22:16Z" name="Test" finished-at="2021-08-02T11:22:50Z" duration-ms="34549">
      <class name="Isha.EggTimerTest.testCase.EggTimerTest">
        <test-method is-config="true" signature="setUp(java.lang.String, java.lang.String)[pri:0, instance:Isha.EggTimerTest.testCase.EggTimerTest@37e547da]" started-at="2021-08-02T11:22:16Z" name="setUp" finished-at="2021-08-02T11:22:23Z" duration-ms="7667" status="PASS">
          <params>
            <param index="0">
              <value>
                <![CDATA[chrome]]>
              </value>
            </param>
            <param index="1">
              <value>
                <![CDATA[https://e.ggtimer.com/]]>
              </value>
            </param>
          </params>
          <reporter-output>
          </reporter-output>
        </test-method> <!-- setUp -->
        <test-method signature="verifyTimerCountdown(java.lang.String)[pri:0, instance:Isha.EggTimerTest.testCase.EggTimerTest@37e547da]" started-at="2021-08-02T11:22:23Z" name="verifyTimerCountdown" finished-at="2021-08-02T11:22:50Z" duration-ms="26328" status="FAIL">
          <params>
            <param index="0">
              <value>
                <![CDATA[25 seconds]]>
              </value>
            </param>
          </params>
          <exception class="java.lang.AssertionError">
            <message>
              <![CDATA[Countdown Validation failed.Time Elapsed does not equal input time by user expected [25] but found [26]]]>
            </message>
            <full-stacktrace>
              <![CDATA[java.lang.AssertionError: Countdown Validation failed.Time Elapsed does not equal input time by user expected [25] but found [26]
at org.testng.Assert.fail(Assert.java:96)
at org.testng.Assert.failNotEquals(Assert.java:776)
at org.testng.Assert.assertEqualsImpl(Assert.java:137)
at org.testng.Assert.assertEquals(Assert.java:118)
at Isha.EggTimerTest.testCase.EggTimerTest.verifyTimerCountdown(EggTimerTest.java:86)
at java.base/jdk.internal.reflect.NativeMethodAccessorImpl.invoke0(Native Method)
at java.base/jdk.internal.reflect.NativeMethodAccessorImpl.invoke(NativeMethodAccessorImpl.java:78)
at java.base/jdk.internal.reflect.DelegatingMethodAccessorImpl.invoke(DelegatingMethodAccessorImpl.java:43)
at java.base/java.lang.reflect.Method.invoke(Method.java:567)
at org.testng.internal.MethodInvocationHelper.invokeMethod(MethodInvocationHelper.java:124)
at org.testng.internal.Invoker.invokeMethod(Invoker.java:583)
at org.testng.internal.Invoker.invokeTestMethod(Invoker.java:719)
at org.testng.internal.Invoker.invokeTestMethods(Invoker.java:989)
at org.testng.internal.TestMethodWorker.invokeTestMethods(TestMethodWorker.java:125)
at org.testng.internal.TestMethodWorker.run(TestMethodWorker.java:109)
at org.testng.TestRunner.privateRun(TestRunner.java:648)
at org.testng.TestRunner.run(TestRunner.java:505)
at org.testng.SuiteRunner.runTest(SuiteRunner.java:455)
at org.testng.SuiteRunner.runSequentially(SuiteRunner.java:450)
at org.testng.SuiteRunner.privateRun(SuiteRunner.java:415)
at org.testng.SuiteRunner.run(SuiteRunner.java:364)
at org.testng.SuiteRunnerWorker.runSuite(SuiteRunnerWorker.java:52)
at org.testng.SuiteRunnerWorker.run(SuiteRunnerWorker.java:84)
at org.testng.TestNG.runSuitesSequentially(TestNG.java:1208)
at org.testng.TestNG.runSuitesLocally(TestNG.java:1137)
at org.testng.TestNG.runSuites(TestNG.java:1049)
at org.testng.TestNG.run(TestNG.java:1017)
at org.testng.remote.AbstractRemoteTestNG.run(AbstractRemoteTestNG.java:115)
at org.testng.remote.RemoteTestNG.initAndRun(RemoteTestNG.java:251)
at org.testng.remote.RemoteTestNG.main(RemoteTestNG.java:77)
]]>
            </full-stacktrace>
          </exception> <!-- java.lang.AssertionError -->
          <reporter-output>
            <line>
              <![CDATA[Alert Presence checked]]>
            </line>
            <line>
              <![CDATA[Alert Presence checked]]>
            </line>
          </reporter-output>
        </test-method> <!-- verifyTimerCountdown -->
        <test-method is-config="true" signature="closeApplication()[pri:0, instance:Isha.EggTimerTest.testCase.EggTimerTest@37e547da]" started-at="2021-08-02T11:22:50Z" name="closeApplication" finished-at="2021-08-02T11:22:50Z" duration-ms="521" status="PASS">
          <reporter-output>
          </reporter-output>
        </test-method> <!-- closeApplication -->
      </class> <!-- Isha.EggTimerTest.testCase.EggTimerTest -->
    </test> <!-- Test -->
  </suite> <!-- Suite -->
</testng-results>
